[debug] [2025-04-12T03:48:23.130Z] ----------------------------------------------------------------------
[debug] [2025-04-12T03:48:23.132Z] Command:       C:\Program Files\nodejs\node.exe C:\Users\nader\AppData\Roaming\npm\node_modules\firebase-tools\lib\bin\firebase.js deploy --only functions
[debug] [2025-04-12T03:48:23.132Z] CLI Version:   14.1.0
[debug] [2025-04-12T03:48:23.132Z] Platform:      win32
[debug] [2025-04-12T03:48:23.132Z] Node Version:  v20.19.0
[debug] [2025-04-12T03:48:23.132Z] Time:          Sat Apr 12 2025 06:48:23 GMT+0300 (Eastern European Summer Time)
[debug] [2025-04-12T03:48:23.132Z] ----------------------------------------------------------------------
[debug] 
[debug] [2025-04-12T03:48:23.308Z] > command requires scopes: ["email","openid","https://www.googleapis.com/auth/cloudplatformprojects.readonly","https://www.googleapis.com/auth/firebase","https://www.googleapis.com/auth/cloud-platform"]
[debug] [2025-04-12T03:48:23.308Z] > authorizing via signed-in user (sfnader@gmail.com)
[debug] [2025-04-12T03:48:23.308Z] [iam] checking project real-estate-5ca52 for permissions ["cloudfunctions.functions.create","cloudfunctions.functions.delete","cloudfunctions.functions.get","cloudfunctions.functions.list","cloudfunctions.functions.update","cloudfunctions.operations.get","firebase.projects.get"]
[debug] [2025-04-12T03:48:23.309Z] Checked if tokens are valid: false, expires at: 1744410218570
[debug] [2025-04-12T03:48:23.309Z] Checked if tokens are valid: false, expires at: 1744410218570
[debug] [2025-04-12T03:48:23.310Z] > refreshing access token with scopes: []
[debug] [2025-04-12T03:48:23.311Z] >>> [apiv2][query] POST https://www.googleapis.com/oauth2/v3/token [none]
[debug] [2025-04-12T03:48:23.311Z] >>> [apiv2][body] POST https://www.googleapis.com/oauth2/v3/token [omitted]
[debug] [2025-04-12T03:48:23.503Z] <<< [apiv2][status] POST https://www.googleapis.com/oauth2/v3/token 200
[debug] [2025-04-12T03:48:23.503Z] <<< [apiv2][body] POST https://www.googleapis.com/oauth2/v3/token [omitted]
[debug] [2025-04-12T03:48:23.511Z] >>> [apiv2][query] POST https://cloudresourcemanager.googleapis.com/v1/projects/real-estate-5ca52:testIamPermissions [none]
[debug] [2025-04-12T03:48:23.511Z] >>> [apiv2][(partial)header] POST https://cloudresourcemanager.googleapis.com/v1/projects/real-estate-5ca52:testIamPermissions x-goog-quota-user=projects/real-estate-5ca52
[debug] [2025-04-12T03:48:23.511Z] >>> [apiv2][body] POST https://cloudresourcemanager.googleapis.com/v1/projects/real-estate-5ca52:testIamPermissions {"permissions":["cloudfunctions.functions.create","cloudfunctions.functions.delete","cloudfunctions.functions.get","cloudfunctions.functions.list","cloudfunctions.functions.update","cloudfunctions.operations.get","firebase.projects.get"]}
